<?xml version="1.0" encoding="UTF-8"?>
<!-- Generated by org.testng.reporters.JUnitReportReporter -->
<testsuite hostname="DESKTOP-A4HG3Q2" failures="0" tests="2" name="testrunner.TestRunner" time="11.962" errors="0" timestamp="2023-09-18T13:48:11 IST" skipped="0">
  <testcase classname="testrunner.TestRunner" name="runScenario" time="3.614"/>
  <testcase classname="testrunner.TestRunner" name="runScenario" time="8.348"/>
</testsuite> <!-- testrunner.TestRunner -->
